[ 2013-12-23T09:05:53+08:00 ] ERR: (ThinkException) 无法加载模块:Public
[ 2013-12-23T09:05:53+08:00 ] ERR: (ThinkException) 无法加载模块:Favicon
[ 2013-12-23T10:10:03+08:00 ] 127.0.0.1 /Cmsinfo/Collection/index/acts/getcid?cid=
INFO: [ app_begin ] --START--
INFO: Run ReadHtmlCache Behavior [ RunTime:0.001153s ]
INFO: [ app_begin ] --END-- [ RunTime:0.001297s ]
SQL: SHOW COLUMNS FROM `webcms_admin_log` [ RunTime:0.003183s ]
ERR: Table 'web_cms.webcms_admin_log' doesn't exist
 [ SQL语句 ] : SHOW COLUMNS FROM `webcms_admin_log`
SQL: INSERT INTO `webcms_admin_log` (`url`,`node1`,`node2`,`node3`,`data`,`reqtype`,`username`,`truename`,`create_time`,`ip`) VALUES ('/Cmsinfo/Collection/index/acts/getcid?cid=','Cmsinfo','Collection','index','{\"get\":{\"acts\":\"getcid\",\"cid\":\"\",\"_URL_\":[\"Cmsinfo\",\"Collection\",\"index\",\"acts\",\"getcid\"]}}','GET','magic','玄子',1387764603,'127.0.0.1') [ RunTime:0.000503s ]
ERR: Table 'web_cms.webcms_admin_log' doesn't exist
 [ SQL语句 ] : INSERT INTO `webcms_admin_log` (`url`,`node1`,`node2`,`node3`,`data`,`reqtype`,`username`,`truename`,`create_time`,`ip`) VALUES ('/Cmsinfo/Collection/index/acts/getcid?cid=','Cmsinfo','Collection','index','{\"get\":{\"acts\":\"getcid\",\"cid\":\"\",\"_URL_\":[\"Cmsinfo\",\"Collection\",\"index\",\"acts\",\"getcid\"]}}','GET','magic','玄子',1387764603,'127.0.0.1')
INFO: [ view_template ] --START--
INFO: Run LocationTemplate Behavior [ RunTime:0.001313s ]
INFO: [ view_template ] --END-- [ RunTime:0.001397s ]
NOTIC: [8] Undefined variable: where E:\xampp\htdocs\cmsadmin\App\Modules\Cmsinfo\Tpl\Collection\index.php 第 56 行.
INFO: [ view_filter ] --START--
INFO: Run ContentReplace Behavior [ RunTime:0.000736s ]
INFO: Run TokenBuild Behavior [ RunTime:0.000736s ]
INFO: Run WriteHtmlCache Behavior [ RunTime:0.000620s ]
INFO: Run ShowRuntime Behavior [ RunTime:0.000792s ]
INFO: [ view_filter ] --END-- [ RunTime:0.003055s ]
INFO: [ view_end ] --START--
INFO: Run ShowPageTrace Behavior [ RunTime:0.000984s ]
INFO: [ view_end ] --END-- [ RunTime:0.001041s ]

[ 2013-12-23T10:10:07+08:00 ] ERR: (ThinkException) 非法操作:insert
[ 2013-12-23T10:11:03+08:00 ] 127.0.0.1 /Cmsinfo/Collection/index/acts/getcid?cid=
INFO: [ app_begin ] --START--
INFO: Run ReadHtmlCache Behavior [ RunTime:0.000910s ]
INFO: [ app_begin ] --END-- [ RunTime:0.000990s ]
SQL: SHOW COLUMNS FROM `webcms_admin_log` [ RunTime:0.003140s ]
ERR: Table 'web_cms.webcms_admin_log' doesn't exist
 [ SQL语句 ] : SHOW COLUMNS FROM `webcms_admin_log`
SQL: INSERT INTO `webcms_admin_log` (`url`,`node1`,`node2`,`node3`,`data`,`reqtype`,`username`,`truename`,`create_time`,`ip`) VALUES ('/Cmsinfo/Collection/index/acts/getcid?cid=','Cmsinfo','Collection','index','{\"get\":{\"acts\":\"getcid\",\"cid\":\"\",\"_URL_\":[\"Cmsinfo\",\"Collection\",\"index\",\"acts\",\"getcid\"]}}','GET','magic','玄子',1387764663,'127.0.0.1') [ RunTime:0.000512s ]
ERR: Table 'web_cms.webcms_admin_log' doesn't exist
 [ SQL语句 ] : INSERT INTO `webcms_admin_log` (`url`,`node1`,`node2`,`node3`,`data`,`reqtype`,`username`,`truename`,`create_time`,`ip`) VALUES ('/Cmsinfo/Collection/index/acts/getcid?cid=','Cmsinfo','Collection','index','{\"get\":{\"acts\":\"getcid\",\"cid\":\"\",\"_URL_\":[\"Cmsinfo\",\"Collection\",\"index\",\"acts\",\"getcid\"]}}','GET','magic','玄子',1387764663,'127.0.0.1')
INFO: [ view_template ] --START--
INFO: Run LocationTemplate Behavior [ RunTime:0.001313s ]
INFO: [ view_template ] --END-- [ RunTime:0.001376s ]
NOTIC: [8] Undefined variable: where E:\xampp\htdocs\cmsadmin\App\Modules\Cmsinfo\Tpl\Collection\index.php 第 56 行.
INFO: [ view_filter ] --START--
INFO: Run ContentReplace Behavior [ RunTime:0.001576s ]
INFO: Run TokenBuild Behavior [ RunTime:0.001136s ]
INFO: Run WriteHtmlCache Behavior [ RunTime:0.000887s ]
INFO: Run ShowRuntime Behavior [ RunTime:0.001046s ]
INFO: [ view_filter ] --END-- [ RunTime:0.005038s ]
INFO: [ view_end ] --START--
INFO: Run ShowPageTrace Behavior [ RunTime:0.000994s ]
INFO: [ view_end ] --END-- [ RunTime:0.001064s ]

[ 2013-12-23T10:11:04+08:00 ] 127.0.0.1 /Cmsinfo/Collection/index/acts/getcid?cid=
INFO: [ app_begin ] --START--
INFO: Run ReadHtmlCache Behavior [ RunTime:0.001230s ]
INFO: [ app_begin ] --END-- [ RunTime:0.001351s ]
SQL: SHOW COLUMNS FROM `webcms_admin_log` [ RunTime:0.004835s ]
ERR: Table 'web_cms.webcms_admin_log' doesn't exist
 [ SQL语句 ] : SHOW COLUMNS FROM `webcms_admin_log`
SQL: INSERT INTO `webcms_admin_log` (`url`,`node1`,`node2`,`node3`,`data`,`reqtype`,`username`,`truename`,`create_time`,`ip`) VALUES ('/Cmsinfo/Collection/index/acts/getcid?cid=','Cmsinfo','Collection','index','{\"get\":{\"acts\":\"getcid\",\"cid\":\"\",\"_URL_\":[\"Cmsinfo\",\"Collection\",\"index\",\"acts\",\"getcid\"]}}','GET','magic','玄子',1387764664,'127.0.0.1') [ RunTime:0.000518s ]
ERR: Table 'web_cms.webcms_admin_log' doesn't exist
 [ SQL语句 ] : INSERT INTO `webcms_admin_log` (`url`,`node1`,`node2`,`node3`,`data`,`reqtype`,`username`,`truename`,`create_time`,`ip`) VALUES ('/Cmsinfo/Collection/index/acts/getcid?cid=','Cmsinfo','Collection','index','{\"get\":{\"acts\":\"getcid\",\"cid\":\"\",\"_URL_\":[\"Cmsinfo\",\"Collection\",\"index\",\"acts\",\"getcid\"]}}','GET','magic','玄子',1387764664,'127.0.0.1')
INFO: [ view_template ] --START--
INFO: Run LocationTemplate Behavior [ RunTime:0.001312s ]
INFO: [ view_template ] --END-- [ RunTime:0.001385s ]
NOTIC: [8] Undefined variable: where E:\xampp\htdocs\cmsadmin\App\Modules\Cmsinfo\Tpl\Collection\index.php 第 56 行.
INFO: [ view_filter ] --START--
INFO: Run ContentReplace Behavior [ RunTime:0.000750s ]
INFO: Run TokenBuild Behavior [ RunTime:0.000737s ]
INFO: Run WriteHtmlCache Behavior [ RunTime:0.000626s ]
INFO: Run ShowRuntime Behavior [ RunTime:0.000773s ]
INFO: [ view_filter ] --END-- [ RunTime:0.003056s ]
INFO: [ view_end ] --START--
INFO: Run ShowPageTrace Behavior [ RunTime:0.000980s ]
INFO: [ view_end ] --END-- [ RunTime:0.001035s ]

[ 2013-12-23T17:28:13+08:00 ] ERR: (ThinkException) Model:add_news您所请求的方法不存在！
[ 2013-12-23T17:28:46+08:00 ] ERR: (ThinkException) Model:add_news您所请求的方法不存在！
[ 2013-12-23T17:28:48+08:00 ] ERR: (ThinkException) Model:add_news您所请求的方法不存在！
[ 2013-12-23T17:32:56+08:00 ] ERR: (ThinkException) Model:add_news您所请求的方法不存在！
[ 2013-12-23T17:34:06+08:00 ] ERR: (ThinkException) Model:add_news您所请求的方法不存在！
[ 2013-12-23T17:40:02+08:00 ] ERR: (ThinkException) Model:add_news您所请求的方法不存在！
[ 2013-12-23T17:40:26+08:00 ] ERR: (ThinkException) Model:add_news您所请求的方法不存在！
[ 2013-12-23T17:41:01+08:00 ] ERR: (ThinkException) Model:add_news您所请求的方法不存在！
[ 2013-12-23T17:41:23+08:00 ] ERR: (ThinkException) Model:add_news您所请求的方法不存在！
[ 2013-12-23T17:41:36+08:00 ] ERR: (ThinkException) Model:add_news您所请求的方法不存在！
[ 2013-12-23T17:42:11+08:00 ] ERR: (ThinkException) Model:add_news您所请求的方法不存在！
[ 2013-12-23T17:42:26+08:00 ] ERR: (ThinkException) Model:add_news您所请求的方法不存在！
[ 2013-12-23T17:42:49+08:00 ] ERR: (ThinkException) Model:add_news您所请求的方法不存在！
[ 2013-12-23T17:43:24+08:00 ] ERR: (ThinkException) Model:add_news您所请求的方法不存在！
[ 2013-12-23T17:45:41+08:00 ] ERR: (ThinkException) Model:add_news您所请求的方法不存在！
[ 2013-12-23T17:47:06+08:00 ] ERR: (ThinkException) Model:add_news您所请求的方法不存在！
[ 2013-12-23T17:47:26+08:00 ] ERR: (ThinkException) Model:add_news您所请求的方法不存在！
[ 2013-12-23T17:47:37+08:00 ] ERR: (ThinkException) Model:add_news您所请求的方法不存在！
[ 2013-12-23T17:50:40+08:00 ] ERR: (ThinkException) Model:add_news您所请求的方法不存在！
[ 2013-12-23T17:51:06+08:00 ] ERR: (ThinkException) Model:add_news您所请求的方法不存在！
[ 2013-12-23T17:51:39+08:00 ] ERR: (ThinkException) Model:add_news您所请求的方法不存在！
[ 2013-12-23T17:52:24+08:00 ] ERR: (ThinkException) Model:add_news您所请求的方法不存在！
[ 2013-12-23T17:52:42+08:00 ] ERR: (ThinkException) Model:add_news您所请求的方法不存在！
