[ 2014-01-20T09:14:52+08:00 ] ERR: (ThinkException) 无法加载模块:Public
[ 2014-01-20T09:14:52+08:00 ] ERR: (ThinkException) 无法加载模块:Favicon
[ 2014-01-20T09:14:52+08:00 ] ERR: (ThinkException) 无法加载模块:Favicon
[ 2014-01-20T13:25:36+08:00 ] ERR: (ThinkException) 无法加载模块:Templets
[ 2014-01-20T13:25:36+08:00 ] ERR: (ThinkException) 无法加载模块:Templets
[ 2014-01-20T13:25:36+08:00 ] ERR: (ThinkException) 无法加载模块:Include
[ 2014-01-20T13:25:36+08:00 ] ERR: (ThinkException) 无法加载模块:Templets
[ 2014-01-20T13:25:36+08:00 ] ERR: (ThinkException) 无法加载模块:Templets
[ 2014-01-20T13:25:36+08:00 ] ERR: (ThinkException) 无法加载模块:A
[ 2014-01-20T13:25:36+08:00 ] ERR: (ThinkException) 无法加载模块:Templets
[ 2014-01-20T13:25:36+08:00 ] ERR: (ThinkException) 无法加载模块:Uploads
[ 2014-01-20T13:25:36+08:00 ] ERR: (ThinkException) 无法加载模块:Uploads
[ 2014-01-20T13:25:36+08:00 ] ERR: (ThinkException) 无法加载模块:Uploads
[ 2014-01-20T13:25:36+08:00 ] ERR: (ThinkException) 无法加载模块:Uploads
[ 2014-01-20T13:25:36+08:00 ] ERR: (ThinkException) 无法加载模块:Uploads
[ 2014-01-20T13:25:36+08:00 ] ERR: (ThinkException) 无法加载模块:Uploads
[ 2014-01-20T13:25:36+08:00 ] ERR: (ThinkException) 无法加载模块:Uploads
[ 2014-01-20T13:25:36+08:00 ] ERR: (ThinkException) 无法加载模块:Uploads
[ 2014-01-20T13:25:36+08:00 ] ERR: (ThinkException) 无法加载模块:Uploads
[ 2014-01-20T13:26:31+08:00 ] ERR: (ThinkException) 无法加载模块:Templets
[ 2014-01-20T13:26:31+08:00 ] ERR: (ThinkException) 无法加载模块:Templets
[ 2014-01-20T13:26:31+08:00 ] ERR: (ThinkException) 无法加载模块:Templets
[ 2014-01-20T13:26:31+08:00 ] ERR: (ThinkException) 无法加载模块:Uploads
[ 2014-01-20T13:26:31+08:00 ] ERR: (ThinkException) 无法加载模块:Include
[ 2014-01-20T13:26:31+08:00 ] ERR: (ThinkException) 无法加载模块:Templets
[ 2014-01-20T13:26:31+08:00 ] ERR: (ThinkException) 无法加载模块:Templets
[ 2014-01-20T13:26:32+08:00 ] ERR: (ThinkException) 无法加载模块:A
[ 2014-01-20T13:26:32+08:00 ] ERR: (ThinkException) 无法加载模块:Uploads
[ 2014-01-20T13:26:32+08:00 ] ERR: (ThinkException) 无法加载模块:Uploads
[ 2014-01-20T13:26:32+08:00 ] ERR: (ThinkException) 无法加载模块:Uploads
[ 2014-01-20T13:26:32+08:00 ] ERR: (ThinkException) 无法加载模块:Uploads
[ 2014-01-20T13:26:32+08:00 ] ERR: (ThinkException) 无法加载模块:Uploads
[ 2014-01-20T13:26:32+08:00 ] ERR: (ThinkException) 无法加载模块:Uploads
[ 2014-01-20T13:26:32+08:00 ] ERR: (ThinkException) 无法加载模块:Uploads
[ 2014-01-20T13:26:32+08:00 ] ERR: (ThinkException) 无法加载模块:Uploads
[ 2014-01-20T13:26:32+08:00 ] ERR: (ThinkException) 无法加载模块:Uploads
[ 2014-01-20T13:26:38+08:00 ] ERR: (ThinkException) 无法加载模块:Templets
[ 2014-01-20T13:26:38+08:00 ] ERR: (ThinkException) 无法加载模块:Templets
[ 2014-01-20T13:26:38+08:00 ] ERR: (ThinkException) 无法加载模块:Include
[ 2014-01-20T13:26:38+08:00 ] ERR: (ThinkException) 无法加载模块:A
[ 2014-01-20T13:26:38+08:00 ] ERR: (ThinkException) 无法加载模块:Uploads
[ 2014-01-20T13:26:38+08:00 ] ERR: (ThinkException) 无法加载模块:Templets
[ 2014-01-20T13:26:38+08:00 ] ERR: (ThinkException) 无法加载模块:Templets
[ 2014-01-20T13:26:38+08:00 ] ERR: (ThinkException) 无法加载模块:Templets
[ 2014-01-20T13:26:38+08:00 ] ERR: (ThinkException) 无法加载模块:Uploads
[ 2014-01-20T13:26:38+08:00 ] ERR: (ThinkException) 无法加载模块:Uploads
[ 2014-01-20T13:26:38+08:00 ] ERR: (ThinkException) 无法加载模块:Uploads
[ 2014-01-20T13:26:38+08:00 ] ERR: (ThinkException) 无法加载模块:Uploads
[ 2014-01-20T13:26:38+08:00 ] ERR: (ThinkException) 无法加载模块:Uploads
[ 2014-01-20T13:26:38+08:00 ] ERR: (ThinkException) 无法加载模块:Uploads
[ 2014-01-20T13:26:38+08:00 ] ERR: (ThinkException) 无法加载模块:Uploads
[ 2014-01-20T13:26:38+08:00 ] ERR: (ThinkException) 无法加载模块:Uploads
[ 2014-01-20T13:26:38+08:00 ] ERR: (ThinkException) 无法加载模块:Uploads
[ 2014-01-20T13:39:30+08:00 ] ERR: (ThinkException) 无法加载模块:A
