[ 2014-02-13T09:18:38+08:00 ] ERR: (ThinkException) 无法加载模块:Public
[ 2014-02-13T09:18:38+08:00 ] ERR: (ThinkException) 无法加载模块:Favicon
[ 2014-02-13T09:19:19+08:00 ] ERR: (ThinkException) 无法加载模块:Public
[ 2014-02-13T09:39:18+08:00 ] ERR: (ThinkException) 无法加载模块:Public
[ 2014-02-13T09:39:18+08:00 ] ERR: (ThinkException) 无法加载模块:Favicon
[ 2014-02-13T14:58:17+08:00 ] ERR: (ThinkException) 无法加载模块:Public
[ 2014-02-13T14:59:42+08:00 ] 127.0.0.1 /cmsinfo/type/index
INFO: [ app_begin ] --START--
INFO: Run ReadHtmlCache Behavior [ RunTime:0.000882s ]
INFO: [ app_begin ] --END-- [ RunTime:0.000978s ]
SQL: SHOW COLUMNS FROM `webcms_admin_log` [ RunTime:0.005246s ]
SQL: INSERT INTO `webcms_admin_log` (`url`,`node1`,`node2`,`node3`,`data`,`reqtype`,`username`,`truename`,`create_time`,`ip`) VALUES ('/cmsinfo/type/index','Cmsinfo','Type','index','{\"get\":{\"_URL_\":[\"cmsinfo\",\"type\",\"index\"]}}','GET','magic','玄子',1392274782,'127.0.0.1') [ RunTime:0.014647s ]
SQL: SHOW COLUMNS FROM `webcms_news_type` [ RunTime:0.006956s ]
NOTIC: [8] Undefined variable: where E:\xampp\htdocs\cmsadmin\App\Modules\Cmsinfo\Action\TypeAction.class.php 第 27 行.
SQL: SELECT COUNT(*) AS tp_count FROM `webcms_news_type` LIMIT 1   [ RunTime:0.000388s ]
NOTIC: [8] Undefined variable: where E:\xampp\htdocs\cmsadmin\App\Modules\Cmsinfo\Action\TypeAction.class.php 第 30 行.
SQL: SELECT `id`,`type_name`,`description`,`status`,`sort` FROM `webcms_news_type` ORDER BY id desc LIMIT 0,30   [ RunTime:0.000329s ]
INFO: [ view_template ] --START--
INFO: Run LocationTemplate Behavior [ RunTime:0.001209s ]
INFO: [ view_template ] --END-- [ RunTime:0.001282s ]
INFO: [ view_filter ] --START--
INFO: Run ContentReplace Behavior [ RunTime:0.001480s ]
INFO: Run TokenBuild Behavior [ RunTime:0.000758s ]
INFO: Run WriteHtmlCache Behavior [ RunTime:0.000574s ]
INFO: Run ShowRuntime Behavior [ RunTime:0.000689s ]
INFO: [ view_filter ] --END-- [ RunTime:0.003725s ]
INFO: [ view_end ] --START--
INFO: Run ShowPageTrace Behavior [ RunTime:0.001607s ]
INFO: [ view_end ] --END-- [ RunTime:0.001713s ]

[ 2014-02-13T15:00:13+08:00 ] 127.0.0.1 /Cmsinfo/Type/detect_name
INFO: [ app_begin ] --START--
INFO: Run ReadHtmlCache Behavior [ RunTime:0.001230s ]
INFO: [ app_begin ] --END-- [ RunTime:0.001312s ]
SQL: SHOW COLUMNS FROM `webcms_admin_log` [ RunTime:0.004823s ]
SQL: INSERT INTO `webcms_admin_log` (`url`,`node1`,`node2`,`node3`,`data`,`reqtype`,`username`,`truename`,`create_time`,`ip`) VALUES ('/Cmsinfo/Type/detect_name','Cmsinfo','Type','detect_name','{\"get\":{\"_URL_\":[\"Cmsinfo\",\"Type\",\"detect_name\"]},\"post\":{\"t_name\":\"\\u5962\\u534e\",\"t_act\":\"insert\"}}','POST','magic','玄子',1392274813,'127.0.0.1') [ RunTime:0.010214s ]
SQL: SHOW COLUMNS FROM `webcms_news_type` [ RunTime:0.004635s ]
SQL: SELECT * FROM `webcms_news_type` WHERE ( `type_name` = '奢华' ) LIMIT 1   [ RunTime:0.000402s ]

[ 2014-02-13T15:43:47+08:00 ] ERR: (ThinkException) 无法加载模块:Uploads
[ 2014-02-13T15:43:55+08:00 ] ERR: (ThinkException) 无法加载模块:Uploads
[ 2014-02-13T15:44:10+08:00 ] ERR: (ThinkException) 无法加载模块:Uploads
[ 2014-02-13T15:45:39+08:00 ] ERR: (ThinkException) 无法加载模块:Uploads
[ 2014-02-13T15:45:50+08:00 ] ERR: (ThinkException) 无法加载模块:Uploads
[ 2014-02-13T15:45:56+08:00 ] ERR: (ThinkException) 无法加载模块:Uploads
[ 2014-02-13T15:45:56+08:00 ] ERR: (ThinkException) 无法加载模块:Uploads
[ 2014-02-13T15:45:57+08:00 ] ERR: (ThinkException) 无法加载模块:Uploads
[ 2014-02-13T15:46:11+08:00 ] ERR: (ThinkException) 无法加载模块:Uploads
[ 2014-02-13T15:48:19+08:00 ] ERR: (ThinkException) 无法加载模块:Uploads
[ 2014-02-13T15:48:19+08:00 ] ERR: (ThinkException) 无法加载模块:Uploads
[ 2014-02-13T15:48:27+08:00 ] ERR: (ThinkException) 无法加载模块:Uploads
[ 2014-02-13T15:49:20+08:00 ] ERR: (ThinkException) 无法加载模块:Uploads
[ 2014-02-13T15:51:00+08:00 ] ERR: (ThinkException) 无法加载模块:Uploads
[ 2014-02-13T15:51:13+08:00 ] ERR: (ThinkException) 无法加载模块:Public
[ 2014-02-13T15:57:23+08:00 ] ERR: (ThinkException) 无法加载模块:Public
[ 2014-02-13T15:57:52+08:00 ] ERR: (ThinkException) 无法加载模块:Public
[ 2014-02-13T15:57:52+08:00 ] ERR: (ThinkException) 无法加载模块:Public
[ 2014-02-13T15:59:52+08:00 ] ERR: (ThinkException) 无法加载模块:Public
[ 2014-02-13T16:00:00+08:00 ] ERR: (ThinkException) 无法加载模块:Public
[ 2014-02-13T16:00:00+08:00 ] ERR: (ThinkException) 无法加载模块:Public
[ 2014-02-13T16:00:50+08:00 ] 127.0.0.1 /cmsinfo/position/index
INFO: [ app_begin ] --START--
INFO: Run ReadHtmlCache Behavior [ RunTime:0.001655s ]
INFO: [ app_begin ] --END-- [ RunTime:0.001916s ]
SQL: SHOW COLUMNS FROM `webcms_admin_log` [ RunTime:0.004876s ]
SQL: INSERT INTO `webcms_admin_log` (`url`,`node1`,`node2`,`node3`,`data`,`reqtype`,`username`,`truename`,`create_time`,`ip`) VALUES ('/cmsinfo/position/index','Cmsinfo','Position','index','{\"get\":{\"_URL_\":[\"cmsinfo\",\"position\",\"index\"]}}','GET','magic','玄子',1392278450,'127.0.0.1') [ RunTime:0.448324s ]
SQL: SHOW COLUMNS FROM `webcms_news_position` [ RunTime:0.006696s ]
NOTIC: [8] Undefined variable: where E:\xampp\htdocs\cmsadmin\App\Modules\Cmsinfo\Action\PositionAction.class.php 第 27 行.
SQL: SELECT COUNT(*) AS tp_count FROM `webcms_news_position` LIMIT 1   [ RunTime:0.000374s ]
NOTIC: [8] Undefined variable: where E:\xampp\htdocs\cmsadmin\App\Modules\Cmsinfo\Action\PositionAction.class.php 第 30 行.
SQL: SELECT `id`,`position_name`,`description`,`status`,`sort`,`create_time` FROM `webcms_news_position` ORDER BY id desc LIMIT 0,30   [ RunTime:0.000394s ]
INFO: [ view_template ] --START--
INFO: Run LocationTemplate Behavior [ RunTime:0.001154s ]
INFO: [ view_template ] --END-- [ RunTime:0.001239s ]
INFO: [ view_filter ] --START--
INFO: Run ContentReplace Behavior [ RunTime:0.000711s ]
INFO: Run TokenBuild Behavior [ RunTime:0.000755s ]
INFO: Run WriteHtmlCache Behavior [ RunTime:0.001099s ]
INFO: Run ShowRuntime Behavior [ RunTime:0.000789s ]
INFO: [ view_filter ] --END-- [ RunTime:0.003571s ]
INFO: [ view_end ] --START--
INFO: Run ShowPageTrace Behavior [ RunTime:0.000937s ]
INFO: [ view_end ] --END-- [ RunTime:0.000995s ]

[ 2014-02-13T16:00:58+08:00 ] 127.0.0.1 /cmsinfo/type/index
INFO: [ app_begin ] --START--
INFO: Run ReadHtmlCache Behavior [ RunTime:0.000845s ]
INFO: [ app_begin ] --END-- [ RunTime:0.000916s ]
SQL: SHOW COLUMNS FROM `webcms_admin_log` [ RunTime:0.007717s ]
SQL: INSERT INTO `webcms_admin_log` (`url`,`node1`,`node2`,`node3`,`data`,`reqtype`,`username`,`truename`,`create_time`,`ip`) VALUES ('/cmsinfo/type/index','Cmsinfo','Type','index','{\"get\":{\"_URL_\":[\"cmsinfo\",\"type\",\"index\"]}}','GET','magic','玄子',1392278458,'127.0.0.1') [ RunTime:0.032591s ]
SQL: SHOW COLUMNS FROM `webcms_news_type` [ RunTime:0.004471s ]
NOTIC: [8] Undefined variable: where E:\xampp\htdocs\cmsadmin\App\Modules\Cmsinfo\Action\TypeAction.class.php 第 27 行.
SQL: SELECT COUNT(*) AS tp_count FROM `webcms_news_type` LIMIT 1   [ RunTime:0.000302s ]
NOTIC: [8] Undefined variable: where E:\xampp\htdocs\cmsadmin\App\Modules\Cmsinfo\Action\TypeAction.class.php 第 30 行.
SQL: SELECT `id`,`type_name`,`description`,`status`,`sort` FROM `webcms_news_type` ORDER BY id desc LIMIT 0,30   [ RunTime:0.000386s ]
INFO: [ view_template ] --START--
INFO: Run LocationTemplate Behavior [ RunTime:0.001076s ]
INFO: [ view_template ] --END-- [ RunTime:0.001136s ]
INFO: [ view_filter ] --START--
INFO: Run ContentReplace Behavior [ RunTime:0.000675s ]
INFO: Run TokenBuild Behavior [ RunTime:0.000690s ]
INFO: Run WriteHtmlCache Behavior [ RunTime:0.000598s ]
INFO: Run ShowRuntime Behavior [ RunTime:0.000735s ]
INFO: [ view_filter ] --END-- [ RunTime:0.002890s ]
INFO: [ view_end ] --START--
INFO: Run ShowPageTrace Behavior [ RunTime:0.000924s ]
INFO: [ view_end ] --END-- [ RunTime:0.000982s ]

[ 2014-02-13T16:01:04+08:00 ] 127.0.0.1 /cmsinfo/type/index
INFO: [ app_begin ] --START--
INFO: Run ReadHtmlCache Behavior [ RunTime:0.001448s ]
INFO: [ app_begin ] --END-- [ RunTime:0.001530s ]
SQL: SHOW COLUMNS FROM `webcms_admin_log` [ RunTime:0.004450s ]
SQL: INSERT INTO `webcms_admin_log` (`url`,`node1`,`node2`,`node3`,`data`,`reqtype`,`username`,`truename`,`create_time`,`ip`) VALUES ('/cmsinfo/type/index','Cmsinfo','Type','index','{\"get\":{\"_URL_\":[\"cmsinfo\",\"type\",\"index\"]}}','GET','magic','玄子',1392278464,'127.0.0.1') [ RunTime:0.024860s ]
SQL: SHOW COLUMNS FROM `webcms_news_type` [ RunTime:0.004484s ]
NOTIC: [8] Undefined variable: where E:\xampp\htdocs\cmsadmin\App\Modules\Cmsinfo\Action\TypeAction.class.php 第 27 行.
SQL: SELECT COUNT(*) AS tp_count FROM `webcms_news_type` LIMIT 1   [ RunTime:0.000370s ]
NOTIC: [8] Undefined variable: where E:\xampp\htdocs\cmsadmin\App\Modules\Cmsinfo\Action\TypeAction.class.php 第 30 行.
SQL: SELECT `id`,`type_name`,`description`,`status`,`sort` FROM `webcms_news_type` ORDER BY id desc LIMIT 0,30   [ RunTime:0.000405s ]
INFO: [ view_template ] --START--
INFO: Run LocationTemplate Behavior [ RunTime:0.001139s ]
INFO: [ view_template ] --END-- [ RunTime:0.001204s ]
INFO: [ view_filter ] --START--
INFO: Run ContentReplace Behavior [ RunTime:0.002031s ]
INFO: Run TokenBuild Behavior [ RunTime:0.001206s ]
INFO: Run WriteHtmlCache Behavior [ RunTime:0.000854s ]
INFO: Run ShowRuntime Behavior [ RunTime:0.001167s ]
INFO: [ view_filter ] --END-- [ RunTime:0.005574s ]
INFO: [ view_end ] --START--
INFO: Run ShowPageTrace Behavior [ RunTime:0.000960s ]
INFO: [ view_end ] --END-- [ RunTime:0.001032s ]

[ 2014-02-13T16:01:09+08:00 ] 127.0.0.1 /Recommend/RecommendNews/insert
INFO: [ app_begin ] --START--
INFO: Run ReadHtmlCache Behavior [ RunTime:0.000931s ]
INFO: [ app_begin ] --END-- [ RunTime:0.001010s ]
SQL: SHOW COLUMNS FROM `webcms_admin_log` [ RunTime:0.006407s ]
SQL: INSERT INTO `webcms_admin_log` (`url`,`node1`,`node2`,`node3`,`data`,`reqtype`,`username`,`truename`,`create_time`,`ip`) VALUES ('/Recommend/RecommendNews/insert','Recommend','RecommendNews','insert','{\"get\":{\"_URL_\":[\"Recommend\",\"RecommendNews\",\"insert\"]}}','GET','magic','玄子',1392278469,'127.0.0.1') [ RunTime:0.017936s ]
SQL: SHOW COLUMNS FROM `webcms_hub_position` [ RunTime:0.004219s ]
SQL: SHOW COLUMNS FROM `webcms_news_position` [ RunTime:0.004115s ]
INFO: [ view_template ] --START--
INFO: Run LocationTemplate Behavior [ RunTime:0.001505s ]
INFO: [ view_template ] --END-- [ RunTime:0.001583s ]
INFO: [ view_filter ] --START--
INFO: Run ContentReplace Behavior [ RunTime:0.000670s ]
INFO: Run TokenBuild Behavior [ RunTime:0.000677s ]
INFO: Run WriteHtmlCache Behavior [ RunTime:0.000555s ]
INFO: Run ShowRuntime Behavior [ RunTime:0.000721s ]
INFO: [ view_filter ] --END-- [ RunTime:0.002806s ]
INFO: [ view_end ] --START--
INFO: Run ShowPageTrace Behavior [ RunTime:0.000885s ]
INFO: [ view_end ] --END-- [ RunTime:0.000943s ]

[ 2014-02-13T16:01:15+08:00 ] 127.0.0.1 /recommend/recommendNews/index
INFO: [ app_begin ] --START--
INFO: Run ReadHtmlCache Behavior [ RunTime:0.001152s ]
INFO: [ app_begin ] --END-- [ RunTime:0.001274s ]
SQL: SHOW COLUMNS FROM `webcms_admin_log` [ RunTime:0.004113s ]
SQL: INSERT INTO `webcms_admin_log` (`url`,`node1`,`node2`,`node3`,`data`,`reqtype`,`username`,`truename`,`create_time`,`ip`) VALUES ('/recommend/recommendNews/index','Recommend','RecommendNews','index','{\"get\":{\"_URL_\":[\"recommend\",\"recommendNews\",\"index\"]}}','GET','magic','玄子',1392278475,'127.0.0.1') [ RunTime:0.329784s ]
SQL: SHOW COLUMNS FROM `webcms_news_position` [ RunTime:0.004027s ]
SQL: SELECT `id`,`position_name`,`description`,`status`,`sort` FROM `webcms_news_position` WHERE ( `status` = 1 ) AND ( `id` <> 0 ) ORDER BY id desc  [ RunTime:0.000479s ]
NOTIC: [8] Undefined variable: where E:\xampp\htdocs\cmsadmin\App\Modules\Recommend\Action\RecommendNewsAction.class.php 第 18 行.
SQL: SHOW COLUMNS FROM `webcms_hub_position` [ RunTime:0.006232s ]
SQL: SHOW COLUMNS FROM `webcms_news_position` [ RunTime:0.004635s ]
SQL: SHOW COLUMNS FROM `webcms_news` [ RunTime:0.004044s ]
SQL: SHOW COLUMNS FROM `webcms_news_details` [ RunTime:0.004423s ]
SQL: SELECT COUNT(*) AS tp_count FROM webcms_hub_position HubPosition LEFT JOIN webcms_news_position NewsPosition ON HubPosition.position_id=NewsPosition.id LEFT JOIN webcms_news News ON HubPosition.news_id=News.id LEFT JOIN webcms_news_details NewsDetails ON News.id=NewsDetails.nid LIMIT 1   [ RunTime:0.000432s ]
NOTIC: [8] Undefined variable: where E:\xampp\htdocs\cmsadmin\App\Modules\Recommend\Action\RecommendNewsAction.class.php 第 21 行.
SQL: SELECT HubPosition.id AS hp_id,HubPosition.start_time AS hp_stime,HubPosition.end_time AS hp_etime,HubPosition.sort AS hp_sort,NewsPosition.position_name AS p_name,NewsPosition.description AS p_description,News.title AS n_title,NewsDetails.content AS n_content,NewsDetails.date AS n_date FROM webcms_hub_position HubPosition LEFT JOIN webcms_news_position NewsPosition ON HubPosition.position_id=NewsPosition.id LEFT JOIN webcms_news News ON HubPosition.news_id=News.id LEFT JOIN webcms_news_details NewsDetails ON News.id=NewsDetails.nid ORDER BY HubPosition.sort asc LIMIT 0,30   [ RunTime:0.000537s ]
INFO: [ view_template ] --START--
INFO: Run LocationTemplate Behavior [ RunTime:0.001367s ]
INFO: [ view_template ] --END-- [ RunTime:0.001445s ]
INFO: [ view_filter ] --START--
INFO: Run ContentReplace Behavior [ RunTime:0.000720s ]
INFO: Run TokenBuild Behavior [ RunTime:0.000657s ]
INFO: Run WriteHtmlCache Behavior [ RunTime:0.000531s ]
INFO: Run ShowRuntime Behavior [ RunTime:0.000697s ]
INFO: [ view_filter ] --END-- [ RunTime:0.002778s ]
INFO: [ view_end ] --START--
INFO: Run ShowPageTrace Behavior [ RunTime:0.000902s ]
INFO: [ view_end ] --END-- [ RunTime:0.000959s ]

[ 2014-02-13T16:01:39+08:00 ] ERR: (ThinkException) 无法加载模块:Public
[ 2014-02-13T16:22:28+08:00 ] ERR: (ThinkException) 无法加载模块:Uploads
[ 2014-02-13T16:25:01+08:00 ] ERR: (ThinkException) 无法加载模块:Uploads
[ 2014-02-13T16:25:13+08:00 ] ERR: (ThinkException) 无法加载模块:Uploads
[ 2014-02-13T16:27:00+08:00 ] ERR: (ThinkException) 无法加载模块:Uploads
[ 2014-02-13T16:27:23+08:00 ] ERR: (ThinkException) 无法加载模块:Uploads
[ 2014-02-13T16:39:50+08:00 ] ERR: (ThinkException) 无法加载模块:Uploads
[ 2014-02-13T17:06:29+08:00 ] ERR: (ThinkException) 无法加载模块:Public
[ 2014-02-13T17:07:23+08:00 ] ERR: (ThinkException) 无法加载模块:Public
[ 2014-02-13T17:07:37+08:00 ] ERR: (ThinkException) 无法加载模块:Public
[ 2014-02-13T17:08:12+08:00 ] ERR: (ThinkException) 无法加载模块:Public
[ 2014-02-13T17:08:25+08:00 ] ERR: (ThinkException) 无法加载模块:Public
[ 2014-02-13T17:08:57+08:00 ] ERR: (ThinkException) 无法加载模块:Public
[ 2014-02-13T17:09:29+08:00 ] ERR: (ThinkException) 无法加载模块:Public
[ 2014-02-13T17:10:33+08:00 ] ERR: (ThinkException) 无法加载模块:Public
[ 2014-02-13T17:11:39+08:00 ] ERR: (ThinkException) 无法加载模块:Public
