[ 2014-01-21T09:04:51+08:00 ] ERR: (ThinkException) 无法加载模块:Public
[ 2014-01-21T09:04:51+08:00 ] ERR: (ThinkException) 无法加载模块:Favicon
[ 2014-01-21T09:41:58+08:00 ] ERR: (ThinkException) 无法加载模块:Templets
[ 2014-01-21T09:41:58+08:00 ] ERR: (ThinkException) 无法加载模块:Templets
[ 2014-01-21T09:41:58+08:00 ] ERR: (ThinkException) 无法加载模块:Templets
[ 2014-01-21T09:41:58+08:00 ] ERR: (ThinkException) 无法加载模块:Include
[ 2014-01-21T09:41:58+08:00 ] ERR: (ThinkException) 无法加载模块:Templets
[ 2014-01-21T09:41:58+08:00 ] ERR: (ThinkException) 无法加载模块:A
[ 2014-01-21T09:41:58+08:00 ] ERR: (ThinkException) 无法加载模块:Templets
[ 2014-01-21T09:41:58+08:00 ] ERR: (ThinkException) 无法加载模块:Uploads
[ 2014-01-21T09:41:58+08:00 ] ERR: (ThinkException) 无法加载模块:Uploads
[ 2014-01-21T09:41:58+08:00 ] ERR: (ThinkException) 无法加载模块:Uploads
[ 2014-01-21T09:41:58+08:00 ] ERR: (ThinkException) 无法加载模块:Uploads
[ 2014-01-21T09:41:58+08:00 ] ERR: (ThinkException) 无法加载模块:Uploads
[ 2014-01-21T09:41:58+08:00 ] ERR: (ThinkException) 无法加载模块:Uploads
[ 2014-01-21T09:53:12+08:00 ] ERR: (ThinkException) 无法加载模块:Templets
[ 2014-01-21T09:53:12+08:00 ] ERR: (ThinkException) 无法加载模块:Templets
[ 2014-01-21T09:53:12+08:00 ] ERR: (ThinkException) 无法加载模块:Include
[ 2014-01-21T09:53:12+08:00 ] ERR: (ThinkException) 无法加载模块:Templets
[ 2014-01-21T09:53:12+08:00 ] ERR: (ThinkException) 无法加载模块:Templets
[ 2014-01-21T10:27:34+08:00 ] ERR: (ThinkException) 无法加载模块:Uploads
[ 2014-01-21T10:27:34+08:00 ] ERR: (ThinkException) 无法加载模块:A
[ 2014-01-21T10:27:34+08:00 ] ERR: (ThinkException) 无法加载模块:A
[ 2014-01-21T10:27:34+08:00 ] ERR: (ThinkException) 无法加载模块:Uploads
[ 2014-01-21T10:29:21+08:00 ] ERR: (ThinkException) 无法加载模块:Uploads
[ 2014-01-21T10:59:17+08:00 ] ERR: (ThinkException) 无法加载模块:A
[ 2014-01-21T11:14:06+08:00 ] ERR: (ThinkException) 无法加载模块:Uploads
[ 2014-01-21T11:14:06+08:00 ] ERR: (ThinkException) 无法加载模块:A
[ 2014-01-21T11:14:06+08:00 ] ERR: (ThinkException) 无法加载模块:Uploads
[ 2014-01-21T11:14:06+08:00 ] ERR: (ThinkException) 无法加载模块:Uploads
[ 2014-01-21T11:14:06+08:00 ] ERR: (ThinkException) 无法加载模块:Uploads
[ 2014-01-21T11:14:06+08:00 ] ERR: (ThinkException) 无法加载模块:Uploads
[ 2014-01-21T11:14:06+08:00 ] ERR: (ThinkException) 无法加载模块:Uploads
[ 2014-01-21T11:14:06+08:00 ] ERR: (ThinkException) 无法加载模块:Uploads
[ 2014-01-21T11:14:06+08:00 ] ERR: (ThinkException) 无法加载模块:A
[ 2014-01-21T11:14:06+08:00 ] ERR: (ThinkException) 无法加载模块:A
[ 2014-01-21T11:14:06+08:00 ] ERR: (ThinkException) 无法加载模块:Uploads
[ 2014-01-21T11:14:06+08:00 ] ERR: (ThinkException) 无法加载模块:A
[ 2014-01-21T11:14:06+08:00 ] ERR: (ThinkException) 无法加载模块:Uploads
[ 2014-01-21T11:14:06+08:00 ] ERR: (ThinkException) 无法加载模块:A
[ 2014-01-21T11:14:06+08:00 ] ERR: (ThinkException) 无法加载模块:Uploads
[ 2014-01-21T11:14:06+08:00 ] ERR: (ThinkException) 无法加载模块:A
[ 2014-01-21T11:14:06+08:00 ] ERR: (ThinkException) 无法加载模块:Uploads
[ 2014-01-21T11:14:06+08:00 ] ERR: (ThinkException) 无法加载模块:A
[ 2014-01-21T11:14:06+08:00 ] ERR: (ThinkException) 无法加载模块:Uploads
[ 2014-01-21T11:14:17+08:00 ] ERR: (ThinkException) 无法加载模块:Uploads
[ 2014-01-21T11:15:06+08:00 ] ERR: (ThinkException) 无法加载模块:A
[ 2014-01-21T11:15:06+08:00 ] ERR: (ThinkException) 无法加载模块:A
[ 2014-01-21T11:15:06+08:00 ] ERR: (ThinkException) 无法加载模块:A
[ 2014-01-21T11:15:06+08:00 ] ERR: (ThinkException) 无法加载模块:A
[ 2014-01-21T11:15:06+08:00 ] ERR: (ThinkException) 无法加载模块:A
[ 2014-01-21T11:15:06+08:00 ] ERR: (ThinkException) 无法加载模块:A
[ 2014-01-21T11:15:06+08:00 ] ERR: (ThinkException) 无法加载模块:A
[ 2014-01-21T11:31:08+08:00 ] ERR: (ThinkException) 无法加载模块:A
[ 2014-01-21T11:31:08+08:00 ] ERR: (ThinkException) 无法加载模块:A
[ 2014-01-21T11:31:08+08:00 ] ERR: (ThinkException) 无法加载模块:A
[ 2014-01-21T11:31:08+08:00 ] ERR: (ThinkException) 无法加载模块:A
[ 2014-01-21T11:31:08+08:00 ] ERR: (ThinkException) 无法加载模块:A
[ 2014-01-21T11:31:08+08:00 ] ERR: (ThinkException) 无法加载模块:A
[ 2014-01-21T11:31:08+08:00 ] ERR: (ThinkException) 无法加载模块:A
[ 2014-01-21T11:37:04+08:00 ] ERR: (ThinkException) 无法加载模块:A
[ 2014-01-21T11:37:25+08:00 ] ERR: (ThinkException) 无法加载模块:A
[ 2014-01-21T11:37:25+08:00 ] ERR: (ThinkException) 无法加载模块:A
[ 2014-01-21T11:37:25+08:00 ] ERR: (ThinkException) 无法加载模块:A
[ 2014-01-21T11:37:25+08:00 ] ERR: (ThinkException) 无法加载模块:A
[ 2014-01-21T11:37:25+08:00 ] ERR: (ThinkException) 无法加载模块:A
[ 2014-01-21T11:37:25+08:00 ] ERR: (ThinkException) 无法加载模块:A
[ 2014-01-21T11:37:25+08:00 ] ERR: (ThinkException) 无法加载模块:A
[ 2014-01-21T11:41:22+08:00 ] ERR: (ThinkException) 无法加载模块:A
[ 2014-01-21T11:41:22+08:00 ] ERR: (ThinkException) 无法加载模块:A
[ 2014-01-21T11:41:22+08:00 ] ERR: (ThinkException) 无法加载模块:A
[ 2014-01-21T11:41:22+08:00 ] ERR: (ThinkException) 无法加载模块:A
[ 2014-01-21T11:41:22+08:00 ] ERR: (ThinkException) 无法加载模块:A
[ 2014-01-21T11:41:22+08:00 ] ERR: (ThinkException) 无法加载模块:A
[ 2014-01-21T11:41:22+08:00 ] ERR: (ThinkException) 无法加载模块:A
[ 2014-01-21T11:41:30+08:00 ] ERR: (ThinkException) 无法加载模块:A
[ 2014-01-21T11:41:30+08:00 ] ERR: (ThinkException) 无法加载模块:A
[ 2014-01-21T11:41:30+08:00 ] ERR: (ThinkException) 无法加载模块:A
[ 2014-01-21T11:41:30+08:00 ] ERR: (ThinkException) 无法加载模块:A
[ 2014-01-21T11:41:30+08:00 ] ERR: (ThinkException) 无法加载模块:A
[ 2014-01-21T11:41:30+08:00 ] ERR: (ThinkException) 无法加载模块:A
[ 2014-01-21T11:41:30+08:00 ] ERR: (ThinkException) 无法加载模块:A
[ 2014-01-21T11:53:06+08:00 ] ERR: (ThinkException) 无法加载模块:A
[ 2014-01-21T11:53:19+08:00 ] ERR: (ThinkException) 无法加载模块:A
[ 2014-01-21T11:53:19+08:00 ] ERR: (ThinkException) 无法加载模块:A
[ 2014-01-21T11:53:19+08:00 ] ERR: (ThinkException) 无法加载模块:A
[ 2014-01-21T11:53:19+08:00 ] ERR: (ThinkException) 无法加载模块:A
[ 2014-01-21T11:53:19+08:00 ] ERR: (ThinkException) 无法加载模块:A
[ 2014-01-21T11:53:19+08:00 ] ERR: (ThinkException) 无法加载模块:A
[ 2014-01-21T11:53:19+08:00 ] ERR: (ThinkException) 无法加载模块:A
[ 2014-01-21T11:59:43+08:00 ] ERR: (ThinkException) 无法加载模块:A
[ 2014-01-21T12:00:27+08:00 ] ERR: (ThinkException) 无法加载模块:A
[ 2014-01-21T12:00:27+08:00 ] ERR: (ThinkException) 无法加载模块:A
[ 2014-01-21T12:00:27+08:00 ] ERR: (ThinkException) 无法加载模块:A
[ 2014-01-21T12:00:27+08:00 ] ERR: (ThinkException) 无法加载模块:A
[ 2014-01-21T12:00:27+08:00 ] ERR: (ThinkException) 无法加载模块:A
[ 2014-01-21T12:00:27+08:00 ] ERR: (ThinkException) 无法加载模块:A
[ 2014-01-21T12:00:27+08:00 ] ERR: (ThinkException) 无法加载模块:A
[ 2014-01-21T13:43:16+08:00 ] ERR: (ThinkException) 无法加载模块:A
[ 2014-01-21T13:43:16+08:00 ] ERR: (ThinkException) 无法加载模块:A
[ 2014-01-21T13:43:16+08:00 ] ERR: (ThinkException) 无法加载模块:A
[ 2014-01-21T13:43:16+08:00 ] ERR: (ThinkException) 无法加载模块:A
[ 2014-01-21T13:43:16+08:00 ] ERR: (ThinkException) 无法加载模块:A
[ 2014-01-21T13:43:16+08:00 ] ERR: (ThinkException) 无法加载模块:A
[ 2014-01-21T13:43:16+08:00 ] ERR: (ThinkException) 无法加载模块:A
[ 2014-01-21T16:49:02+08:00 ] ERR: (ThinkException) 无法加载模块:Templets
[ 2014-01-21T16:49:02+08:00 ] ERR: (ThinkException) 无法加载模块:Templets
[ 2014-01-21T16:49:02+08:00 ] ERR: (ThinkException) 无法加载模块:Templets
[ 2014-01-21T16:49:02+08:00 ] ERR: (ThinkException) 无法加载模块:Include
[ 2014-01-21T16:49:02+08:00 ] ERR: (ThinkException) 无法加载模块:Templets
[ 2014-01-21T16:49:02+08:00 ] ERR: (ThinkException) 无法加载模块:Uploads
[ 2014-01-21T16:49:02+08:00 ] ERR: (ThinkException) 无法加载模块:Uploads
[ 2014-01-21T16:49:02+08:00 ] ERR: (ThinkException) 无法加载模块:Uploads
[ 2014-01-21T16:49:02+08:00 ] ERR: (ThinkException) 无法加载模块:Uploads
[ 2014-01-21T16:49:58+08:00 ] ERR: (ThinkException) 无法加载模块:Uploads
[ 2014-01-21T16:49:58+08:00 ] ERR: (ThinkException) 无法加载模块:Uploads
[ 2014-01-21T16:49:58+08:00 ] ERR: (ThinkException) 无法加载模块:Uploads
[ 2014-01-21T16:49:58+08:00 ] ERR: (ThinkException) 无法加载模块:Uploads
[ 2014-01-21T16:51:29+08:00 ] ERR: (ThinkException) 无法加载模块:Templets
[ 2014-01-21T16:51:29+08:00 ] ERR: (ThinkException) 无法加载模块:Templets
[ 2014-01-21T16:51:29+08:00 ] ERR: (ThinkException) 无法加载模块:Templets
[ 2014-01-21T16:51:29+08:00 ] ERR: (ThinkException) 无法加载模块:Include
[ 2014-01-21T16:51:29+08:00 ] ERR: (ThinkException) 无法加载模块:Templets
[ 2014-01-21T16:51:29+08:00 ] ERR: (ThinkException) 无法加载模块:Include
[ 2014-01-21T16:51:30+08:00 ] ERR: (ThinkException) 无法加载模块:Templets
[ 2014-01-21T16:51:30+08:00 ] ERR: (ThinkException) 无法加载模块:Templets
