[ 2014-02-08T09:09:22+08:00 ] ERR: (ThinkException) 无法加载模块:Public
[ 2014-02-08T09:09:22+08:00 ] ERR: (ThinkException) 无法加载模块:Favicon
[ 2014-02-08T09:09:22+08:00 ] ERR: (ThinkException) 无法加载模块:Favicon
[ 2014-02-08T13:41:15+08:00 ] 127.0.0.1 /cmsinfo/position/index
INFO: [ app_begin ] --START--
INFO: Run ReadHtmlCache Behavior [ RunTime:0.000712s ]
INFO: [ app_begin ] --END-- [ RunTime:0.000780s ]
SQL: SHOW COLUMNS FROM `webcms_admin_log` [ RunTime:0.004223s ]
SQL: INSERT INTO `webcms_admin_log` (`url`,`node1`,`node2`,`node3`,`data`,`reqtype`,`username`,`truename`,`create_time`,`ip`) VALUES ('/cmsinfo/position/index','Cmsinfo','Position','index','{\"get\":{\"_URL_\":[\"cmsinfo\",\"position\",\"index\"]}}','GET','magic','玄子',1391838074,'127.0.0.1') [ RunTime:0.046758s ]
SQL: SHOW COLUMNS FROM `webcms_news_position` [ RunTime:0.004078s ]
NOTIC: [8] Undefined variable: where E:\xampp\htdocs\cmsadmin\App\Modules\Cmsinfo\Action\PositionAction.class.php 第 27 行.
SQL: SELECT COUNT(*) AS tp_count FROM `webcms_news_position` LIMIT 1   [ RunTime:0.000386s ]
NOTIC: [8] Undefined variable: where E:\xampp\htdocs\cmsadmin\App\Modules\Cmsinfo\Action\PositionAction.class.php 第 30 行.
SQL: SELECT `id`,`position_name`,`description`,`status`,`sort`,`create_time` FROM `webcms_news_position` ORDER BY id desc LIMIT 0,30   [ RunTime:0.000673s ]
INFO: [ view_template ] --START--
INFO: Run LocationTemplate Behavior [ RunTime:0.001220s ]
INFO: [ view_template ] --END-- [ RunTime:0.001291s ]
INFO: [ view_filter ] --START--
INFO: Run ContentReplace Behavior [ RunTime:0.001043s ]
INFO: Run TokenBuild Behavior [ RunTime:0.000999s ]
INFO: Run WriteHtmlCache Behavior [ RunTime:0.000776s ]
INFO: Run ShowRuntime Behavior [ RunTime:0.000942s ]
INFO: [ view_filter ] --END-- [ RunTime:0.004061s ]
INFO: [ view_end ] --START--
INFO: Run ShowPageTrace Behavior [ RunTime:0.000923s ]
INFO: [ view_end ] --END-- [ RunTime:0.000981s ]

[ 2014-02-08T13:41:17+08:00 ] 127.0.0.1 /cmsinfo/position/index
INFO: [ app_begin ] --START--
INFO: Run ReadHtmlCache Behavior [ RunTime:0.000688s ]
INFO: [ app_begin ] --END-- [ RunTime:0.000758s ]
SQL: SHOW COLUMNS FROM `webcms_admin_log` [ RunTime:0.006294s ]
SQL: INSERT INTO `webcms_admin_log` (`url`,`node1`,`node2`,`node3`,`data`,`reqtype`,`username`,`truename`,`create_time`,`ip`) VALUES ('/cmsinfo/position/index','Cmsinfo','Position','index','{\"get\":{\"_URL_\":[\"cmsinfo\",\"position\",\"index\"]}}','GET','magic','玄子',1391838077,'127.0.0.1') [ RunTime:0.034049s ]
SQL: SHOW COLUMNS FROM `webcms_news_position` [ RunTime:0.004116s ]
NOTIC: [8] Undefined variable: where E:\xampp\htdocs\cmsadmin\App\Modules\Cmsinfo\Action\PositionAction.class.php 第 27 行.
SQL: SELECT COUNT(*) AS tp_count FROM `webcms_news_position` LIMIT 1   [ RunTime:0.000406s ]
NOTIC: [8] Undefined variable: where E:\xampp\htdocs\cmsadmin\App\Modules\Cmsinfo\Action\PositionAction.class.php 第 30 行.
SQL: SELECT `id`,`position_name`,`description`,`status`,`sort`,`create_time` FROM `webcms_news_position` ORDER BY id desc LIMIT 0,30   [ RunTime:0.000506s ]
INFO: [ view_template ] --START--
INFO: Run LocationTemplate Behavior [ RunTime:0.001390s ]
INFO: [ view_template ] --END-- [ RunTime:0.001456s ]
INFO: [ view_filter ] --START--
INFO: Run ContentReplace Behavior [ RunTime:0.000701s ]
INFO: Run TokenBuild Behavior [ RunTime:0.000671s ]
INFO: Run WriteHtmlCache Behavior [ RunTime:0.000678s ]
INFO: Run ShowRuntime Behavior [ RunTime:0.000765s ]
INFO: [ view_filter ] --END-- [ RunTime:0.003026s ]
INFO: [ view_end ] --START--
INFO: Run ShowPageTrace Behavior [ RunTime:0.002070s ]
INFO: [ view_end ] --END-- [ RunTime:0.002186s ]

[ 2014-02-08T13:41:33+08:00 ] 127.0.0.1 /Recommend/RecommendNews/insert
INFO: [ app_begin ] --START--
INFO: Run ReadHtmlCache Behavior [ RunTime:0.000688s ]
INFO: [ app_begin ] --END-- [ RunTime:0.000751s ]
SQL: SHOW COLUMNS FROM `webcms_admin_log` [ RunTime:0.004269s ]
SQL: INSERT INTO `webcms_admin_log` (`url`,`node1`,`node2`,`node3`,`data`,`reqtype`,`username`,`truename`,`create_time`,`ip`) VALUES ('/Recommend/RecommendNews/insert','Recommend','RecommendNews','insert','{\"get\":{\"_URL_\":[\"Recommend\",\"RecommendNews\",\"insert\"]}}','GET','magic','玄子',1391838093,'127.0.0.1') [ RunTime:0.032474s ]
SQL: SHOW COLUMNS FROM `webcms_hub_position` [ RunTime:0.005425s ]
SQL: SHOW COLUMNS FROM `webcms_news_position` [ RunTime:0.004282s ]
INFO: [ view_template ] --START--
INFO: Run LocationTemplate Behavior [ RunTime:0.001178s ]
INFO: [ view_template ] --END-- [ RunTime:0.001239s ]
INFO: [ view_filter ] --START--
INFO: Run ContentReplace Behavior [ RunTime:0.001196s ]
INFO: Run TokenBuild Behavior [ RunTime:0.000636s ]
INFO: Run WriteHtmlCache Behavior [ RunTime:0.000509s ]
INFO: Run ShowRuntime Behavior [ RunTime:0.000658s ]
INFO: [ view_filter ] --END-- [ RunTime:0.003184s ]
INFO: [ view_end ] --START--
INFO: Run ShowPageTrace Behavior [ RunTime:0.000872s ]
INFO: [ view_end ] --END-- [ RunTime:0.000928s ]

[ 2014-02-08T13:42:32+08:00 ] ERR: (ThinkException) 无法加载模块:RecommendAdv
[ 2014-02-08T13:43:03+08:00 ] 127.0.0.1 /Cmsinfo/Position/index/page/1
INFO: [ app_begin ] --START--
INFO: Run ReadHtmlCache Behavior [ RunTime:0.000677s ]
INFO: [ app_begin ] --END-- [ RunTime:0.000748s ]
SQL: SHOW COLUMNS FROM `webcms_admin_log` [ RunTime:0.004177s ]
SQL: INSERT INTO `webcms_admin_log` (`url`,`node1`,`node2`,`node3`,`data`,`reqtype`,`username`,`truename`,`create_time`,`ip`) VALUES ('/Cmsinfo/Position/index/page/1','Cmsinfo','Position','index','{\"get\":{\"page\":\"1\",\"_URL_\":[\"Cmsinfo\",\"Position\",\"index\",\"page\",\"1\"]}}','GET','magic','玄子',1391838183,'127.0.0.1') [ RunTime:0.039030s ]
SQL: SHOW COLUMNS FROM `webcms_news_position` [ RunTime:0.004542s ]
NOTIC: [8] Undefined variable: where E:\xampp\htdocs\cmsadmin\App\Modules\Cmsinfo\Action\PositionAction.class.php 第 27 行.
SQL: SELECT COUNT(*) AS tp_count FROM `webcms_news_position` LIMIT 1   [ RunTime:0.000392s ]
NOTIC: [8] Undefined variable: where E:\xampp\htdocs\cmsadmin\App\Modules\Cmsinfo\Action\PositionAction.class.php 第 30 行.
SQL: SELECT `id`,`position_name`,`description`,`status`,`sort`,`create_time` FROM `webcms_news_position` ORDER BY id desc LIMIT 0,30   [ RunTime:0.000473s ]
INFO: [ view_template ] --START--
INFO: Run LocationTemplate Behavior [ RunTime:0.001039s ]
INFO: [ view_template ] --END-- [ RunTime:0.001097s ]
INFO: [ view_filter ] --START--
INFO: Run ContentReplace Behavior [ RunTime:0.000662s ]
INFO: Run TokenBuild Behavior [ RunTime:0.000598s ]
INFO: Run WriteHtmlCache Behavior [ RunTime:0.000499s ]
INFO: Run ShowRuntime Behavior [ RunTime:0.000646s ]
INFO: [ view_filter ] --END-- [ RunTime:0.002577s ]
INFO: [ view_end ] --START--
INFO: Run ShowPageTrace Behavior [ RunTime:0.000829s ]
INFO: [ view_end ] --END-- [ RunTime:0.000884s ]

[ 2014-02-08T13:43:18+08:00 ] 127.0.0.1 /Cmsinfo/Position/detect_name
INFO: [ app_begin ] --START--
INFO: Run ReadHtmlCache Behavior [ RunTime:0.000714s ]
INFO: [ app_begin ] --END-- [ RunTime:0.000782s ]
SQL: SHOW COLUMNS FROM `webcms_admin_log` [ RunTime:0.004197s ]
SQL: INSERT INTO `webcms_admin_log` (`url`,`node1`,`node2`,`node3`,`data`,`reqtype`,`username`,`truename`,`create_time`,`ip`) VALUES ('/Cmsinfo/Position/detect_name','Cmsinfo','Position','detect_name','{\"get\":{\"_URL_\":[\"Cmsinfo\",\"Position\",\"detect_name\"]},\"post\":{\"p_name\":\"\\u9996\\u9875-\\u7f6e\\u9876\\u63a8\\u8350\",\"p_act\":\"edit\",\"p_id\":\"44\"}}','POST','magic','玄子',1391838198,'127.0.0.1') [ RunTime:0.013193s ]
SQL: SHOW COLUMNS FROM `webcms_news_position` [ RunTime:0.004532s ]
SQL: SELECT * FROM `webcms_news_position` WHERE ( `position_name` = '首页-置顶推荐' ) LIMIT 1   [ RunTime:0.000488s ]

[ 2014-02-08T13:44:46+08:00 ] 127.0.0.1 /cmsinfo/position/index
INFO: [ app_begin ] --START--
INFO: Run ReadHtmlCache Behavior [ RunTime:0.000675s ]
INFO: [ app_begin ] --END-- [ RunTime:0.000742s ]
SQL: SHOW COLUMNS FROM `webcms_admin_log` [ RunTime:0.004343s ]
SQL: INSERT INTO `webcms_admin_log` (`url`,`node1`,`node2`,`node3`,`data`,`reqtype`,`username`,`truename`,`create_time`,`ip`) VALUES ('/cmsinfo/position/index','Cmsinfo','Position','index','{\"get\":{\"_URL_\":[\"cmsinfo\",\"position\",\"index\"]}}','GET','magic','玄子',1391838286,'127.0.0.1') [ RunTime:0.209627s ]
SQL: SHOW COLUMNS FROM `webcms_news_position` [ RunTime:0.004324s ]
NOTIC: [8] Undefined variable: where E:\xampp\htdocs\cmsadmin\App\Modules\Cmsinfo\Action\PositionAction.class.php 第 27 行.
SQL: SELECT COUNT(*) AS tp_count FROM `webcms_news_position` LIMIT 1   [ RunTime:0.000315s ]
NOTIC: [8] Undefined variable: where E:\xampp\htdocs\cmsadmin\App\Modules\Cmsinfo\Action\PositionAction.class.php 第 30 行.
SQL: SELECT `id`,`position_name`,`description`,`status`,`sort`,`create_time` FROM `webcms_news_position` ORDER BY id desc LIMIT 0,30   [ RunTime:0.000386s ]
INFO: [ view_template ] --START--
INFO: Run LocationTemplate Behavior [ RunTime:0.001158s ]
INFO: [ view_template ] --END-- [ RunTime:0.001222s ]
INFO: [ view_filter ] --START--
INFO: Run ContentReplace Behavior [ RunTime:0.001935s ]
INFO: Run TokenBuild Behavior [ RunTime:0.001371s ]
INFO: Run WriteHtmlCache Behavior [ RunTime:0.001326s ]
INFO: Run ShowRuntime Behavior [ RunTime:0.000755s ]
INFO: [ view_filter ] --END-- [ RunTime:0.005747s ]
INFO: [ view_end ] --START--
INFO: Run ShowPageTrace Behavior [ RunTime:0.000854s ]
INFO: [ view_end ] --END-- [ RunTime:0.000909s ]

[ 2014-02-08T15:19:33+08:00 ] ERR: (ThinkException) 无法加载模块:Public
[ 2014-02-08T15:26:55+08:00 ] ERR: (ThinkException) 无法加载模块:Public
[ 2014-02-08T15:27:52+08:00 ] ERR: (ThinkException) 无法加载模块:Public
[ 2014-02-08T16:08:25+08:00 ] ERR: (ThinkException) 无法加载模块:Public
[ 2014-02-08T17:26:37+08:00 ] ERR: (ThinkException) 无法加载模块:Public
