[ 2014-02-14T09:25:41+08:00 ] ERR: (ThinkException) 无法加载模块:Public
[ 2014-02-14T09:25:41+08:00 ] ERR: (ThinkException) 无法加载模块:Favicon
[ 2014-02-14T10:09:37+08:00 ] 127.0.0.1 /cmsinfo/position/index
INFO: [ app_begin ] --START--
INFO: Run ReadHtmlCache Behavior [ RunTime:0.001600s ]
INFO: [ app_begin ] --END-- [ RunTime:0.001760s ]
SQL: SHOW COLUMNS FROM `webcms_admin_log` [ RunTime:0.004866s ]
SQL: INSERT INTO `webcms_admin_log` (`url`,`node1`,`node2`,`node3`,`data`,`reqtype`,`username`,`truename`,`create_time`,`ip`) VALUES ('/cmsinfo/position/index','Cmsinfo','Position','index','{\"get\":{\"_URL_\":[\"cmsinfo\",\"position\",\"index\"]}}','GET','magic','玄子',1392343777,'127.0.0.1') [ RunTime:0.016368s ]
SQL: SHOW COLUMNS FROM `webcms_news_position` [ RunTime:0.004411s ]
NOTIC: [8] Undefined variable: where E:\xampp\htdocs\cmsadmin\App\Modules\Cmsinfo\Action\PositionAction.class.php 第 27 行.
SQL: SELECT COUNT(*) AS tp_count FROM `webcms_news_position` LIMIT 1   [ RunTime:0.000399s ]
NOTIC: [8] Undefined variable: where E:\xampp\htdocs\cmsadmin\App\Modules\Cmsinfo\Action\PositionAction.class.php 第 30 行.
SQL: SELECT `id`,`position_name`,`description`,`status`,`sort`,`create_time` FROM `webcms_news_position` ORDER BY id desc LIMIT 0,30   [ RunTime:0.000450s ]
INFO: [ view_template ] --START--
INFO: Run LocationTemplate Behavior [ RunTime:0.001985s ]
INFO: [ view_template ] --END-- [ RunTime:0.002081s ]
INFO: [ view_filter ] --START--
INFO: Run ContentReplace Behavior [ RunTime:0.000721s ]
INFO: Run TokenBuild Behavior [ RunTime:0.000856s ]
INFO: Run WriteHtmlCache Behavior [ RunTime:0.000665s ]
INFO: Run ShowRuntime Behavior [ RunTime:0.000885s ]
INFO: [ view_filter ] --END-- [ RunTime:0.003396s ]
INFO: [ view_end ] --START--
INFO: Run ShowPageTrace Behavior [ RunTime:0.000971s ]
INFO: [ view_end ] --END-- [ RunTime:0.001027s ]

[ 2014-02-14T14:32:56+08:00 ] 127.0.0.1 /Cmsinfo/Type/index/page/1
INFO: [ app_begin ] --START--
INFO: Run ReadHtmlCache Behavior [ RunTime:0.000929s ]
INFO: [ app_begin ] --END-- [ RunTime:0.001002s ]
SQL: SHOW COLUMNS FROM `webcms_admin_log` [ RunTime:0.005890s ]
SQL: INSERT INTO `webcms_admin_log` (`url`,`node1`,`node2`,`node3`,`data`,`reqtype`,`username`,`truename`,`create_time`,`ip`) VALUES ('/Cmsinfo/Type/index/page/1','Cmsinfo','Type','index','{\"get\":{\"page\":\"1\",\"_URL_\":[\"Cmsinfo\",\"Type\",\"index\",\"page\",\"1\"]}}','GET','magic','玄子',1392359575,'127.0.0.1') [ RunTime:0.241157s ]
SQL: SHOW COLUMNS FROM `webcms_news_type` [ RunTime:0.006275s ]
NOTIC: [8] Undefined variable: where E:\xampp\htdocs\cmsadmin\App\Modules\Cmsinfo\Action\TypeAction.class.php 第 27 行.
SQL: SELECT COUNT(*) AS tp_count FROM `webcms_news_type` LIMIT 1   [ RunTime:0.000327s ]
NOTIC: [8] Undefined variable: where E:\xampp\htdocs\cmsadmin\App\Modules\Cmsinfo\Action\TypeAction.class.php 第 30 行.
SQL: SELECT `id`,`type_name`,`description`,`status`,`sort` FROM `webcms_news_type` ORDER BY id desc LIMIT 0,30   [ RunTime:0.000436s ]
INFO: [ view_template ] --START--
INFO: Run LocationTemplate Behavior [ RunTime:0.001490s ]
INFO: [ view_template ] --END-- [ RunTime:0.001562s ]
INFO: [ view_filter ] --START--
INFO: Run ContentReplace Behavior [ RunTime:0.000854s ]
INFO: Run TokenBuild Behavior [ RunTime:0.000660s ]
INFO: Run WriteHtmlCache Behavior [ RunTime:0.000707s ]
INFO: Run ShowRuntime Behavior [ RunTime:0.000789s ]
INFO: [ view_filter ] --END-- [ RunTime:0.003209s ]
INFO: [ view_end ] --START--
INFO: Run ShowPageTrace Behavior [ RunTime:0.001519s ]
INFO: [ view_end ] --END-- [ RunTime:0.001626s ]

[ 2014-02-14T14:33:29+08:00 ] 127.0.0.1 /Cmsinfo/Type/detect_name
INFO: [ app_begin ] --START--
INFO: Run ReadHtmlCache Behavior [ RunTime:0.000939s ]
INFO: [ app_begin ] --END-- [ RunTime:0.001009s ]
SQL: SHOW COLUMNS FROM `webcms_admin_log` [ RunTime:0.005329s ]
SQL: INSERT INTO `webcms_admin_log` (`url`,`node1`,`node2`,`node3`,`data`,`reqtype`,`username`,`truename`,`create_time`,`ip`) VALUES ('/Cmsinfo/Type/detect_name','Cmsinfo','Type','detect_name','{\"get\":{\"_URL_\":[\"Cmsinfo\",\"Type\",\"detect_name\"]},\"post\":{\"t_name\":\"\\u6e05\\u65b0\\u98ce\\u683c\",\"t_act\":\"insert\"}}','POST','magic','玄子',1392359609,'127.0.0.1') [ RunTime:0.013229s ]
SQL: SHOW COLUMNS FROM `webcms_news_type` [ RunTime:0.005376s ]
SQL: SELECT * FROM `webcms_news_type` WHERE ( `type_name` = '清新风格' ) LIMIT 1   [ RunTime:0.000392s ]

[ 2014-02-14T14:44:42+08:00 ] ERR: (ThinkException) 无法加载模块:Public
[ 2014-02-14T14:47:12+08:00 ] ERR: (ThinkException) 无法加载模块:Public
[ 2014-02-14T15:20:14+08:00 ] 127.0.0.1 /Cmsinfo/Position/index/page/1
INFO: [ app_begin ] --START--
INFO: Run ReadHtmlCache Behavior [ RunTime:0.000800s ]
INFO: [ app_begin ] --END-- [ RunTime:0.000873s ]
SQL: SHOW COLUMNS FROM `webcms_admin_log` [ RunTime:0.005946s ]
SQL: INSERT INTO `webcms_admin_log` (`url`,`node1`,`node2`,`node3`,`data`,`reqtype`,`username`,`truename`,`create_time`,`ip`) VALUES ('/Cmsinfo/Position/index/page/1','Cmsinfo','Position','index','{\"get\":{\"page\":\"1\",\"_URL_\":[\"Cmsinfo\",\"Position\",\"index\",\"page\",\"1\"]}}','GET','magic','玄子',1392362414,'127.0.0.1') [ RunTime:0.232506s ]
SQL: SHOW COLUMNS FROM `webcms_news_position` [ RunTime:0.006070s ]
NOTIC: [8] Undefined variable: where E:\xampp\htdocs\cmsadmin\App\Modules\Cmsinfo\Action\PositionAction.class.php 第 27 行.
SQL: SELECT COUNT(*) AS tp_count FROM `webcms_news_position` LIMIT 1   [ RunTime:0.000398s ]
NOTIC: [8] Undefined variable: where E:\xampp\htdocs\cmsadmin\App\Modules\Cmsinfo\Action\PositionAction.class.php 第 30 行.
SQL: SELECT `id`,`position_name`,`description`,`status`,`sort`,`create_time` FROM `webcms_news_position` ORDER BY id desc LIMIT 0,30   [ RunTime:0.000437s ]
INFO: [ view_template ] --START--
INFO: Run LocationTemplate Behavior [ RunTime:0.001358s ]
INFO: [ view_template ] --END-- [ RunTime:0.001429s ]
INFO: [ view_filter ] --START--
INFO: Run ContentReplace Behavior [ RunTime:0.000599s ]
INFO: Run TokenBuild Behavior [ RunTime:0.000592s ]
INFO: Run WriteHtmlCache Behavior [ RunTime:0.000452s ]
INFO: Run ShowRuntime Behavior [ RunTime:0.000613s ]
INFO: [ view_filter ] --END-- [ RunTime:0.002430s ]
INFO: [ view_end ] --START--
INFO: Run ShowPageTrace Behavior [ RunTime:0.001131s ]
INFO: [ view_end ] --END-- [ RunTime:0.001193s ]

[ 2014-02-14T15:20:21+08:00 ] 127.0.0.1 /Cmsinfo/Position/detect_name
INFO: [ app_begin ] --START--
INFO: Run ReadHtmlCache Behavior [ RunTime:0.000821s ]
INFO: [ app_begin ] --END-- [ RunTime:0.000903s ]
SQL: SHOW COLUMNS FROM `webcms_admin_log` [ RunTime:0.006384s ]
SQL: INSERT INTO `webcms_admin_log` (`url`,`node1`,`node2`,`node3`,`data`,`reqtype`,`username`,`truename`,`create_time`,`ip`) VALUES ('/Cmsinfo/Position/detect_name','Cmsinfo','Position','detect_name','{\"get\":{\"_URL_\":[\"Cmsinfo\",\"Position\",\"detect_name\"]},\"post\":{\"p_name\":\"\\u9996\\u9875\\u7f6e\\u9876\",\"p_act\":\"insert\"}}','POST','magic','玄子',1392362420,'127.0.0.1') [ RunTime:0.015186s ]
SQL: SHOW COLUMNS FROM `webcms_news_position` [ RunTime:0.005847s ]
SQL: SELECT * FROM `webcms_news_position` WHERE ( `position_name` = '首页置顶' ) LIMIT 1   [ RunTime:0.000463s ]

[ 2014-02-14T15:27:10+08:00 ] ERR: (ThinkException) 无法加载模块:Public
[ 2014-02-14T16:35:09+08:00 ] ERR: (ThinkException) 无法加载模块:Public
[ 2014-02-14T16:46:37+08:00 ] ERR: (ThinkException) 无法加载模块:Public
[ 2014-02-14T17:28:11+08:00 ] ERR: (ThinkException) 无法加载模块:Public
[ 2014-02-14T17:32:09+08:00 ] ERR: (ThinkException) 无法加载模块:Public
